[12:33:11] [Render thread/INFO] [JMLogger] JourneyMap log initialized.
[12:33:11] [Render thread/INFO] [JourneymapClient] initialize ENTER
[12:33:11] [Render thread/INFO] [ClientAPI] [ClientAPI] built with JourneyMap API 2.0.0-SNAPSHOT
[12:33:11] [Render thread/INFO] [PluginHelper] Initialized IJourneyMapPlugin as:com.simibubi.create.compat.trainmap.JourneyTrainMap: for:create
[12:33:11] [Render thread/INFO] [PluginHelper] Initialized IJourneyMapPlugin as:journeymap.api.plugins.LoadedChunkOverlayPlugin: for:journeymap_chunk_overlay
[12:33:11] [Render thread/DEBUG] [JourneymapClient] Loading and Generating Journeymap configs
[12:33:11] [Render thread/WARN] [PropertiesBase] core (Initialized) Bad configField entry during updateFrom(): optionsManagerViewed=null
[12:33:11] [Render thread/INFO] [?] Version: JourneyMap 1.21.1-6.0.0-beta.64, built with neoforge 0.116.7+1.21.1
neoforge: 21.1.228
Environment: os.name, os.arch, java.version, user.country, user.language=null, game language=ru_ru, locale=ru_ru
Features: 
	RadarPlayers : singleplayer = true , multiplayer = true
	RadarAnimals : singleplayer = true , multiplayer = true
	RadarMobs : singleplayer = true , multiplayer = true
	RadarVillagers : singleplayer = true , multiplayer = true
	MapTopo : singleplayer = true , multiplayer = true
	MapSurface : singleplayer = true , multiplayer = true
	MapCaves : singleplayer = true , multiplayer = true
	MapBiome : singleplayer = true , multiplayer = true
MiniMapProperties{state=Valid, file=journeymap.minimap.config, configVersion=6.0.0-beta.64, infoSlotTimeFormat=HH:mm:ss, zoomLevel=512, compassFontScale=1.0, infoSlotFontScale=1.0, terrainAlpha=100, showEntityNames=false, showPassiveNames=false, positionX=0.9, positionY=0.25, effectVertical=false, showPlayerHeading=true, sizePercent=30, playerDisplayScale=1.0, showDayNight=true, showPets=true, showPlayerNames=true, preferredMapType=day, showCompass=true, showNpcNames=false, mobDisplay=jm.common.entity_display.dots_and_outlined_icons, showHostileNames=false, systemTimeRealFormat=HH:mm:ss, shape=jm.minimap.shape_circle, showSelf=true, showVillagerNames=false, selfDisplayScale=1.0, showGrid=true, reticleOrientation=jm.minimap.orientation.compass, minimapLockedMapType=jm.common.map_type.auto, effectTranslateX=0, info3LabelPosition=jm.minimap.info_slot.bottom, showWaypoints=true, info2LabelPosition=jm.minimap.info_slot.top, minimapKeyMovementSpeed=0.001, info1LabelPosition=jm.minimap.info_slot.top, showAnimals=true, infoSlotAlpha=0.7, effectTranslateY=0, showWaypointLabels=true, showAmbientNames=false, moveEffectIcons=true, showTeamNames=true, position=jm.minimap.position_topright, fontScale=1.0, info4LabelPosition=jm.minimap.info_slot.bottom, showPlayers=true, waypointIconScale=1.0, frameAlpha=100, effectReversed=false, backgroundAlpha=0.8, enabled=true, showVillagers=true, info2Label=jm.theme.labelsource.gametime, hudRenderLayer=jm.minimap.hud_render_layer_last, info3Label=jm.theme.labelsource.location, caveLayer=4, showMobs=true, waypointLabelScale=1.0, showReticle=true, orientation=jm.minimap.orientation.north, info4Label=jm.theme.labelsource.biome, locationFormat=xzyv, playerDisplay=jm.common.entity_display.outlined_icons, mobDisplayScale=1.0, showOffScreenPlayers=true, showCaves=true, hideEffectIcons=false, showMobHeading=true, locationFormatVerbose=true, showAmbientCreatures=false, showPetNames=false, info1Label=jm.theme.labelsource.blank, showNoIconNames=true}
MiniMapProperties{state=Valid, file=journeymap.minimap2.config, configVersion=6.0.0-beta.64, infoSlotTimeFormat=HH:mm:ss, zoomLevel=512, compassFontScale=1.0, infoSlotFontScale=1.0, terrainAlpha=100, showEntityNames=false, showPassiveNames=false, positionX=0.9, positionY=0.25, effectVertical=false, showPlayerHeading=true, sizePercent=30, playerDisplayScale=1.0, showDayNight=true, showPets=true, showPlayerNames=true, preferredMapType=day, showCompass=true, showNpcNames=false, mobDisplay=jm.common.entity_display.dots_and_outlined_icons, showHostileNames=false, systemTimeRealFormat=HH:mm:ss, shape=jm.minimap.shape_rectangle, showSelf=true, showVillagerNames=false, selfDisplayScale=1.0, showGrid=true, reticleOrientation=jm.minimap.orientation.compass, minimapLockedMapType=jm.common.map_type.auto, effectTranslateX=0, info3LabelPosition=jm.minimap.info_slot.bottom, showWaypoints=true, info2LabelPosition=jm.minimap.info_slot.top, minimapKeyMovementSpeed=0.001, info1LabelPosition=jm.minimap.info_slot.top, showAnimals=true, infoSlotAlpha=0.7, effectTranslateY=0, showWaypointLabels=true, showAmbientNames=false, moveEffectIcons=true, showTeamNames=true, position=jm.minimap.position_topright, fontScale=1.0, info4LabelPosition=jm.minimap.info_slot.bottom, showPlayers=true, waypointIconScale=1.0, frameAlpha=100, effectReversed=false, backgroundAlpha=0.8, enabled=true, showVillagers=true, info2Label=jm.theme.labelsource.gametime, hudRenderLayer=jm.minimap.hud_render_layer_last, info3Label=jm.theme.labelsource.location, caveLayer=4, showMobs=true, waypointLabelScale=1.0, showReticle=true, orientation=jm.minimap.orientation.north, info4Label=jm.theme.labelsource.biome, locationFormat=xzyv, playerDisplay=jm.common.entity_display.outlined_icons, mobDisplayScale=1.0, showOffScreenPlayers=true, showCaves=true, hideEffectIcons=false, showMobHeading=true, locationFormatVerbose=true, showAmbientCreatures=false, showPetNames=false, info1Label=jm.theme.labelsource.blank, showNoIconNames=true}
FullMapProperties{state=Valid, file=journeymap.fullmap.config, configVersion=6.0.0-beta.64, zoomLevel=512, minimalMode=false, showPlayers=true, waypointIconScale=1.0, showEntityNames=false, showPassiveNames=false, showPlayerHeading=true, showVillagers=true, showPlayerLoc=true, showKeys=true, playerDisplayScale=1.0, showMobs=true, showPets=true, waypointLabelScale=1.0, showPlayerNames=true, preferredMapType=day, showNpcNames=false, mobDisplay=jm.common.entity_display.dots_and_outlined_icons, showHostileNames=false, showSelf=true, locationFormat=xzyv, playerDisplay=jm.common.entity_display.outlined_icons, showVillagerNames=false, mobDisplayScale=1.0, selfDisplayScale=1.0, showOffScreenPlayers=true, showGrid=true, showMouseLoc=true, showWaypoints=true, showCaves=true, showThemeButton=true, showAnimals=true, showMobHeading=true, showWaypointLabels=true, locationFormatVerbose=true, showAmbientNames=false, showAmbientCreatures=false, showTeamNames=true, showPetNames=false, fontScale=1.0, showNoIconNames=true}
WaypointProperties{state=Valid, file=journeymap.waypoint.config, configVersion=6.0.0-beta.64, autoRemoveDeathpointDistance=2, showPlayers=false, dateFormat=MM-dd-yyyy, autoHideIconAngle=5, autoRemoveDeathpoints=false, autoHideIcon=false, autoHideLabelAngle=5, renderWaypointsWorld=true, showLabelBackground=true, showDeleteConfirmation=true, managerDimensionFocus=false, fullscreenDoubleClickToCreate=true, minDistance=4, coordinatesFormat=XZY, boldLabel=false, disableShare=false, showDeathpointlabel=true, autoHideLabelVertical=true, textureSmall=true, useActionsButton=false, beaconEnabled=true, createDeathpoints=true, disableStrikeThrough=false, renderWaypointsMap=true, showName=true, autoHideLabelVerticalAngle=10, maxDistance=0, ignoreRenderDistance=false, autoHideLabel=true, autoRemoveTempWaypoints=2, teleportCommand=/execute in {dim} run tp {name} {x} {y} {z}, showStaticBeam=true, renderWaypoints=true, wholeNumberTeleportCoords=false, timeFormat=HH:mm:ss, shaderBeacon=false, showDistance=true, showRotatingBeam=true, fontScale=2.0, managerEnabled=true}
WebMapProperties{state=Valid, file=journeymap.webmap.config, configVersion=6.0.0-beta.64, port=8080, enabled=false}
CoreProperties{state=Valid, file=journeymap.core.config, configVersion=6.0.0-beta.64, maxPlayersData=32, mapSurfaceAboveCaves=true, dataCachingEnabled=true, maxAmbientCreaturesData=32, optionsManagerViewed=null, announceMod=true, ignoreSnow=false, colorPassive=#bbbbbb, colorPassiveLabel=#bbbbbb, mapShadows=true, mapBlendWater=true, playerIconFade=true, renderDistanceSurfaceMax=0, seedId=false, colorPetLabel=#0077ff, radarVerticalDistance=16, mapBlendGrass=true, recordCacheStats=false, hideSneakingEntities=true, initialSortOrder=Name, colorPlayerLabel=#ffffff, revealShape=jm.minimap.shape_circle, mapBiome=true, minimapPresetOverlay=true, caveShader=jm.common.map_filter.default, colorVillagerLabel=#88e188, alwaysMapSurface=false, biomeShader=jm.common.map_filter.default, colorVillager=#88e188, mapPlants=false, colorPet=#0077ff, sortDescending=true, radarLateralDistance=64, mapBathymetry=false, mapCrops=true, maxMobsData=32, dayShader=jm.common.map_filter.default, mapPlantShadows=false, alwaysMapCaves=false, checkUpdates=true, colorHostileLabel=#ff0000, mapBlendFoliage=true, netherSurfaceLighting=true, topoMax=0, hideSpectators=false, mappingEnabled=true, colorPlayer=#ffffff, cacheVillagersData=2200, logLevel=INFO, maxVillagersData=32, mapWaterBiomeColors=true, maxAnimalsData=32, mapTransparency=true, caveBlackAsClear=false, caveModeThreshold=2, legacyIcons=false, netherShader=jm.common.map_filter.default, caveIgnoreGlass=true, mapTopography=true, renderDistanceCaveMax=0, mapAntialiasing=true, colorSelf=#0000ff, cachePlayersData=2000, mapOnlyPlayerChunk=false, nightShader=jm.common.map_filter.default, cacheMobsData=3000, cachePlayerData=1000, splashViewed=6.0.0-beta.64, colorHostile=#ff0000, topoShader=jm.common.map_filter.default, allowMiniMapBehindScreens=true, cacheAnimalsData=3100, ignoreHeightmaps=false, lodsEnabled=true, themeName=Purist, mapCaveLighting=true, renderDelay=500, mobIconFade=true, serverIp=false, glErrorChecking=false, autoMapPoll=2000}
[12:33:11] [Render thread/INFO] [JourneymapClient] initialize EXIT, elapsed count 1 avg 148,65ms
[12:33:17] [Render thread/INFO] [JourneymapClientNeoForge] Journeymap PostInit
[12:33:17] [Render thread/DEBUG] [JourneymapClient] postInitialize ENTER
[12:33:17] [Render thread/TRACE] [ThemeLoader] Initializing themes ...
[12:33:17] [Render thread/INFO] [NeoForgeHooks] ModFileLocation:file:/C:/Users/serge/AppData/Roaming/.minecraft/versions/Neocreate/mods/journeymap-neoforge-1.21.1-6.0.0-beta.64.jar
[12:33:17] [Render thread/DEBUG] [FileHandler] ZipFilePath:C:/Users/serge/AppData/Roaming/.minecraft/versions/Neocreate/mods/journeymap-neoforge-1.21.1-6.0.0-beta.64.jar zipEntryName:assets/journeymap/theme/victorian_ destDir:C:\Users\serge\AppData\Roaming\.minecraft\versions\Neocreate\journeymap\icon\theme\victorian_ overWrite:true fromPath:C:/Users/serge/AppData/Roaming/.minecraft/versions/Neocreate/mods/journeymap-neoforge-1.21.1-6.0.0-beta.64.jar
[12:33:17] [Render thread/INFO] [NeoForgeHooks] ModFileLocation:file:/C:/Users/serge/AppData/Roaming/.minecraft/versions/Neocreate/mods/journeymap-neoforge-1.21.1-6.0.0-beta.64.jar
[12:33:17] [Render thread/DEBUG] [FileHandler] ZipFilePath:C:/Users/serge/AppData/Roaming/.minecraft/versions/Neocreate/mods/journeymap-neoforge-1.21.1-6.0.0-beta.64.jar zipEntryName:assets/journeymap/theme/flat destDir:C:\Users\serge\AppData\Roaming\.minecraft\versions\Neocreate\journeymap\icon\theme\flat overWrite:true fromPath:C:/Users/serge/AppData/Roaming/.minecraft/versions/Neocreate/mods/journeymap-neoforge-1.21.1-6.0.0-beta.64.jar
[12:33:17] [Render thread/INFO] [NeoForgeHooks] ModFileLocation:file:/C:/Users/serge/AppData/Roaming/.minecraft/versions/Neocreate/mods/journeymap-neoforge-1.21.1-6.0.0-beta.64.jar
[12:33:17] [Render thread/DEBUG] [FileHandler] ZipFilePath:C:/Users/serge/AppData/Roaming/.minecraft/versions/Neocreate/mods/journeymap-neoforge-1.21.1-6.0.0-beta.64.jar zipEntryName:assets/journeymap/theme/vault_flat destDir:C:\Users\serge\AppData\Roaming\.minecraft\versions\Neocreate\journeymap\icon\theme\vault_flat overWrite:true fromPath:C:/Users/serge/AppData/Roaming/.minecraft/versions/Neocreate/mods/journeymap-neoforge-1.21.1-6.0.0-beta.64.jar
[12:33:17] [Render thread/INFO] [NeoForgeHooks] ModFileLocation:file:/C:/Users/serge/AppData/Roaming/.minecraft/versions/Neocreate/mods/journeymap-neoforge-1.21.1-6.0.0-beta.64.jar
[12:33:17] [Render thread/DEBUG] [FileHandler] ZipFilePath:C:/Users/serge/AppData/Roaming/.minecraft/versions/Neocreate/mods/journeymap-neoforge-1.21.1-6.0.0-beta.64.jar zipEntryName:assets/journeymap/theme/vault destDir:C:\Users\serge\AppData\Roaming\.minecraft\versions\Neocreate\journeymap\icon\theme\vault overWrite:true fromPath:C:/Users/serge/AppData/Roaming/.minecraft/versions/Neocreate/mods/journeymap-neoforge-1.21.1-6.0.0-beta.64.jar
[12:33:17] [Render thread/INFO] [ThemeLoader] Preloaded theme textures: 73
[12:33:17] [Render thread/INFO] [JourneymapClient] postInitialize EXIT, elapsed count 1 avg 547,64ms
[12:33:21] [Render thread/INFO] [ColorPalette] Color palette file generated for 0 blockstates in 1ms for: Default Palette
[12:36:19] [Render thread/INFO] [TextureCache] [JourneyMap]: Purging Theme Images
[12:36:19] [Render thread/INFO] [TextureCache] [JourneyMap]: Purging Region Images
[12:36:19] [Render thread/INFO] [TextureCache] [JourneyMap]: Purging Mob Icon Images
[12:36:19] [Render thread/INFO] [WaypointHandler] Resetting Waypoints and Groups.
[12:36:19] [Render thread/INFO] [WaypointStore] Loaded 0 waypoints from disk.
[12:36:19] [Render thread/INFO] [WaypointGroupStore] Loaded 4 waypoint groups from disk.
[12:36:19] [Render thread/INFO] [JourneymapClient] World UID is set to: null
[12:36:20] [Server thread/INFO] [NeoForgeConfig] Loading JourneyMap Forge Configs
[12:36:22] [Server thread/INFO] [PluginHelper] Found @JourneyMapPlugin: journeymap.api.plugins.LoadedChunkOverlayPlugin
[12:36:28] [Render thread/INFO] [InternalStateHandler] Connection initiated with Journeymap Server: true
[12:36:28] [Render thread/INFO] [InternalStateHandler] Teleport Enabled: false
[12:36:28] [Render thread/INFO] [InternalStateHandler] Expanded Radar Enabled: true
[12:36:28] [Render thread/INFO] [InternalStateHandler] Server Admin Enabled: false
[12:36:28] [Render thread/INFO] [InternalStateHandler] Server set show in-game beacons: true
[12:36:28] [Render thread/INFO] [InternalStateHandler] Server set waypoints allowed: true
[12:36:28] [Render thread/INFO] [InternalStateHandler] Server set Server Admin read only mode: true
[12:36:28] [Render thread/INFO] [InternalStateHandler] Server set maxSurfaceRenderDistance to: 0
[12:36:28] [Render thread/INFO] [InternalStateHandler] Server setmaxCaveRenderDistance to: 0
[12:36:28] [Render thread/INFO] [InternalStateHandler] Server set allow mutliplayer options: true
[12:36:28] [Render thread/INFO] [InternalStateHandler] Server set allow rightClickTeleport options: true
[12:36:28] [Render thread/INFO] [InternalStateHandler] Server set allow radarLateralDistance options: 512
[12:36:28] [Render thread/INFO] [InternalStateHandler] Server set allow radarVerticalDistance options: 320
[12:36:28] [Render thread/INFO] [InternalStateHandler] Server set allow maxAnimalsData options: 128
[12:36:28] [Render thread/INFO] [InternalStateHandler] Server set allow maxAmbientCreaturesData options: 128
[12:36:28] [Render thread/INFO] [InternalStateHandler] Server set allow maxMobsData options: 128
[12:36:28] [Render thread/INFO] [InternalStateHandler] Server set allow maxPlayersData options: 128
[12:36:28] [Render thread/INFO] [InternalStateHandler] Server set allow maxVillagersData options: 128
[12:36:28] [Render thread/INFO] [InternalStateHandler] Server set allow playerRadarNamesEnabled options: true
[12:36:28] [Render thread/INFO] [InternalStateHandler] Server set allow minimapEnabled options: true
[12:36:28] [Render thread/INFO] [InternalStateHandler] Server set allow hideCoordinates options: false
[12:36:28] [Render thread/INFO] [InternalStateHandler] Connection initiated with Journeymap Server: true
[12:36:28] [Render thread/INFO] [InternalStateHandler] Teleport Enabled: false
[12:36:28] [Render thread/INFO] [InternalStateHandler] Expanded Radar Enabled: true
[12:36:28] [Render thread/INFO] [InternalStateHandler] Server Admin Enabled: false
[12:36:28] [Render thread/INFO] [InternalStateHandler] Server set show in-game beacons: true
[12:36:28] [Render thread/INFO] [InternalStateHandler] Server set waypoints allowed: true
[12:36:28] [Render thread/INFO] [InternalStateHandler] Server set Server Admin read only mode: true
[12:36:28] [Render thread/INFO] [InternalStateHandler] Server set maxSurfaceRenderDistance to: 0
[12:36:28] [Render thread/INFO] [InternalStateHandler] Server setmaxCaveRenderDistance to: 0
[12:36:28] [Render thread/INFO] [InternalStateHandler] Server set allow mutliplayer options: true
[12:36:28] [Render thread/INFO] [InternalStateHandler] Server set allow rightClickTeleport options: true
[12:36:28] [Render thread/INFO] [InternalStateHandler] Server set allow radarLateralDistance options: 512
[12:36:28] [Render thread/INFO] [InternalStateHandler] Server set allow radarVerticalDistance options: 320
[12:36:28] [Render thread/INFO] [InternalStateHandler] Server set allow maxAnimalsData options: 128
[12:36:28] [Render thread/INFO] [InternalStateHandler] Server set allow maxAmbientCreaturesData options: 128
[12:36:28] [Render thread/INFO] [InternalStateHandler] Server set allow maxMobsData options: 128
[12:36:28] [Render thread/INFO] [InternalStateHandler] Server set allow maxPlayersData options: 128
[12:36:28] [Render thread/INFO] [InternalStateHandler] Server set allow maxVillagersData options: 128
[12:36:28] [Render thread/INFO] [InternalStateHandler] Server set allow playerRadarNamesEnabled options: true
[12:36:28] [Render thread/INFO] [InternalStateHandler] Server set allow minimapEnabled options: true
[12:36:28] [Render thread/INFO] [InternalStateHandler] Server set allow hideCoordinates options: false
[12:36:29] [Render thread/INFO] [ChatLog] JourneyMap: Нажмите [J].
[12:36:29] [Render thread/WARN] [PropertiesBase] core (Initialized) Bad configField entry during updateFrom(): optionsManagerViewed=null
[12:36:29] [Render thread/INFO] [ModBlockDelegate] Custom modded block handling enabled for create
[12:36:29] [Render thread/INFO] [WaypointHandler] Resetting Waypoints and Groups.
[12:36:29] [Render thread/INFO] [WaypointStore] Loaded 0 waypoints from disk.
[12:36:29] [Render thread/INFO] [WaypointGroupStore] Loaded 4 waypoint groups from disk.
[12:36:29] [Render thread/INFO] [LegacyWaypointFileMigrator] 0 Legacy waypoints found that need to be migrated and backed up.
[12:36:29] [Render thread/INFO] [ColorPalette] Color palette file generated for 0 blockstates in 0ms for: C:\Users\serge\AppData\Roaming\.minecraft\versions\Neocreate\journeymap\colorpalette.json
[12:36:29] [Render thread/INFO] [ColorPalette] Color palette file generated for 0 blockstates in 0ms for: C:\Users\serge\AppData\Roaming\.minecraft\versions\Neocreate\journeymap\data\sp\Новый мир (4)\colorpalette.json
[12:36:29] [Render thread/INFO] [JourneymapClient] Mapping started in C:\Users\serge\AppData\Roaming\.minecraft\versions\Neocreate\journeymap\data\sp\Новый мир (4)\overworld. Memory: 4864MB total, 1173MB free 
[12:36:29] [Render thread/INFO] [JMChunkCache] JMChunkCache: opened at C:\Users\serge\AppData\Roaming\.minecraft\versions\Neocreate\journeymap\data\sp\Новый мир (4)\overworld\chunk_cache
[12:36:29] [Render thread/WARN] [JMLogger] Image is null: alexsmobs:textures/entity_icon/fly.png
[12:36:29] [Render thread/INFO] [InternalStateHandler] Connection initiated with Journeymap Server: true
[12:36:29] [Render thread/INFO] [InternalStateHandler] Teleport Enabled: false
[12:36:29] [Render thread/INFO] [InternalStateHandler] Expanded Radar Enabled: true
[12:36:29] [Render thread/INFO] [InternalStateHandler] Server Admin Enabled: false
[12:36:29] [Render thread/INFO] [InternalStateHandler] Server set show in-game beacons: true
[12:36:29] [Render thread/INFO] [InternalStateHandler] Server set waypoints allowed: true
[12:36:29] [Render thread/INFO] [InternalStateHandler] Server set Server Admin read only mode: true
[12:36:29] [Render thread/INFO] [InternalStateHandler] Server set maxSurfaceRenderDistance to: 0
[12:36:29] [Render thread/INFO] [InternalStateHandler] Server setmaxCaveRenderDistance to: 0
[12:36:29] [Render thread/INFO] [InternalStateHandler] Server set allow mutliplayer options: true
[12:36:29] [Render thread/INFO] [InternalStateHandler] Server set allow rightClickTeleport options: true
[12:36:29] [Render thread/INFO] [InternalStateHandler] Server set allow radarLateralDistance options: 512
[12:36:29] [Render thread/INFO] [InternalStateHandler] Server set allow radarVerticalDistance options: 320
[12:36:29] [Render thread/INFO] [InternalStateHandler] Server set allow maxAnimalsData options: 128
[12:36:29] [Render thread/INFO] [InternalStateHandler] Server set allow maxAmbientCreaturesData options: 128
[12:36:29] [Render thread/INFO] [InternalStateHandler] Server set allow maxMobsData options: 128
[12:36:29] [Render thread/INFO] [InternalStateHandler] Server set allow maxPlayersData options: 128
[12:36:29] [Render thread/INFO] [InternalStateHandler] Server set allow maxVillagersData options: 128
[12:36:29] [Render thread/INFO] [InternalStateHandler] Server set allow playerRadarNamesEnabled options: true
[12:36:29] [Render thread/INFO] [InternalStateHandler] Server set allow minimapEnabled options: true
[12:36:29] [Render thread/INFO] [InternalStateHandler] Server set allow hideCoordinates options: false
[12:36:37] [Render thread/WARN] [JMLogger] Image is null: alexsmobs:textures/entity_icon/blue_jay.png
[12:36:37] [Render thread/WARN] [JMLogger] Image is null: alexsmobs:textures/entity_icon/crocodile_0.png
[12:36:37] [Render thread/WARN] [JMLogger] Image is null: alexsmobs:textures/entity_icon/hummingbird_0.png
[12:36:46] [Render thread/WARN] [JMLogger] Image is null: alexsmobs:textures/entity_icon/catfish_small.png
[12:38:41] [Render thread/INFO] [RegionImageCache] Deleted region C:\Users\serge\AppData\Roaming\.minecraft\versions\Neocreate\journeymap\data\sp\Новый мир (4)\overworld\day\0,0.png: true
[12:38:41] [Render thread/INFO] [RegionImageCache] Deleted chunk cache C:\Users\serge\AppData\Roaming\.minecraft\versions\Neocreate\journeymap\data\sp\Новый мир (4)\overworld\chunk_cache\c.0.0.jmc: true
[12:38:42] [Render thread/INFO] [ChatLog] JourneyMap: Region deleted.
[12:39:25] [Render thread/WARN] [JMLogger] Image is null: alexsmobs:textures/entity_icon/bison.png
[12:39:28] [Render thread/WARN] [JMLogger] Image is null: alexsmobs:textures/entity_icon/bison_baby.png
[12:39:28] [Render thread/WARN] [JMLogger] Image is null: alexsmobs:textures/entity_icon/crow.png
[12:40:20] [Render thread/WARN] [JMLogger] Image is null: alexsmobs:textures/entity_icon/terrapin/terrapin_green.png
[12:40:20] [Render thread/WARN] [JMLogger] Image is null: alexsmobs:textures/entity_icon/terrapin/terrapin_painted.png
[12:41:08] [Render thread/WARN] [JMLogger] Image is null: alexsmobs:textures/entity_icon/fly.png
[12:41:35] [Render thread/WARN] [JMLogger] Image is null: alexsmobs:textures/entity_icon/catfish_small.png
[12:41:42] [Render thread/WARN] [JMLogger] Image is null: alexsmobs:textures/entity_icon/catfish_medium.png
[12:41:45] [Render thread/WARN] [JMLogger] Image is null: alexsmobs:textures/entity_icon/cockroach.png
[12:42:14] [Render thread/WARN] [JMLogger] Image is null: alexsmobs:textures/entity_icon/raccoon.png
[12:44:58] [Render thread/WARN] [JMLogger] Image is null: alexsmobs:textures/entity_icon/terrapin/terrapin_red_eared.png
[12:45:16] [Render thread/WARN] [JMLogger] Image is null: alexsmobs:textures/entity_icon/terrapin/terrapin_brown.png
[12:45:19] [Render thread/WARN] [JMLogger] Image is null: alexsmobs:textures/entity_icon/terrapin/overlay/terrapin_with_overlays.png
[12:45:19] [Render thread/WARN] [JMLogger] Image is null: alexsmobs:textures/entity_icon/terrapin/terrapin_black.png
[12:45:42] [Render thread/WARN] [JMLogger] Image is null: alexsmobs:textures/entity_icon/farseer/farseer.png
[12:45:47] [Render thread/WARN] [JMLogger] Image is null: alexsmobs:textures/entity_icon/skreecher.png
[12:46:03] [Render thread/WARN] [JMLogger] Image is null: alexsmobs:textures/entity_icon/terrapin/terrapin_painted.png
[12:46:03] [Render thread/WARN] [JMLogger] Image is null: alexsmobs:textures/entity_icon/rattlesnake.png
[12:46:04] [Render thread/WARN] [JMLogger] Image is null: alexsmobs:textures/entity_icon/rattlesnake.png
[12:46:04] [Render thread/WARN] [JMLogger] Image is null: alexsmobs:textures/entity_icon/terrapin/terrapin_painted.png
[12:46:04] [Render thread/WARN] [JMLogger] Image is null: alexsmobs:textures/entity_icon/farseer/farseer.png
[12:46:05] [Render thread/WARN] [JMLogger] Image is null: alexsmobs:textures/entity_icon/terrapin/terrapin_black.png
[12:46:05] [Render thread/WARN] [JMLogger] Image is null: alexsmobs:textures/entity_icon/skreecher.png
[12:46:06] [Render thread/WARN] [JMLogger] Image is null: alexsmobs:textures/entity_icon/fly.png
[12:46:10] [Render thread/WARN] [JMLogger] Image is null: alexsmobs:textures/entity_icon/warped_toad.png
[12:46:16] [Render thread/WARN] [JMLogger] Image is null: alexsmobs:textures/entity_icon/endergrade.png
[12:46:22] [Render thread/WARN] [JMLogger] Image is null: alexsmobs:textures/entity_icon/terrapin/terrapin_brown.png
[12:46:22] [Render thread/WARN] [JMLogger] Image is null: alexsmobs:textures/entity_icon/soul_vulture/soul_vulture.png
[12:46:26] [Render thread/WARN] [JMLogger] Image is null: alexsmobs:textures/entity_icon/emu_blue.png
[12:46:26] [Render thread/WARN] [JMLogger] Image is null: alexsmobs:textures/entity_icon/stradpole.png
[12:46:29] [Render thread/WARN] [JMLogger] Image is null: alexsmobs:textures/entity_icon/warped_toad_blink.png
[12:46:29] [Render thread/WARN] [JMLogger] Image is null: alexsmobs:textures/entity_icon/straddler.png
[12:46:40] [Render thread/WARN] [JMLogger] Image is null: alexsmobs:textures/entity_icon/orca_sw.png
[12:46:42] [Render thread/WARN] [JMLogger] Image is null: alexsmobs:textures/entity_icon/bone_serpent_head.png
[12:46:43] [Render thread/WARN] [JMLogger] Image is null: alexsmobs:textures/entity_icon/catfish_small.png
[12:46:52] [Render thread/WARN] [JMLogger] Image is null: alexsmobs:textures/entity_icon/terrapin/terrapin_painted.png
[12:46:52] [Render thread/WARN] [JMLogger] Image is null: alexsmobs:textures/entity_icon/warped_toad.png
[12:46:52] [Render thread/WARN] [JMLogger] Image is null: alexsmobs:textures/entity_icon/straddler.png
[12:46:52] [Render thread/WARN] [JMLogger] Image is null: alexsmobs:textures/entity_icon/farseer/farseer.png
[12:46:52] [Render thread/WARN] [JMLogger] Image is null: alexsmobs:textures/entity_icon/bone_serpent_head.png
[12:46:52] [Render thread/WARN] [JMLogger] Image is null: alexsmobs:textures/entity_icon/soul_vulture/soul_vulture.png
[12:46:52] [Render thread/WARN] [JMLogger] Image is null: alexsmobs:textures/entity_icon/fly.png
[12:46:52] [Render thread/WARN] [JMLogger] Image is null: alexsmobs:textures/entity_icon/orca_sw.png
[12:46:52] [Render thread/WARN] [JMLogger] Image is null: alexsmobs:textures/entity_icon/skreecher.png
[12:46:52] [Render thread/WARN] [JMLogger] Image is null: alexsmobs:textures/entity_icon/endergrade.png
[12:46:52] [Render thread/WARN] [JMLogger] Image is null: alexsmobs:textures/entity_icon/emu_blue.png
[12:46:52] [Render thread/WARN] [JMLogger] Image is null: alexsmobs:textures/entity_icon/rattlesnake.png
[12:46:53] [Render thread/WARN] [JMLogger] Image is null: alexsmobs:textures/entity_icon/catfish_small.png
[12:46:53] [Render thread/WARN] [JMLogger] Image is null: alexsmobs:textures/entity_icon/terrapin/terrapin_black.png
[12:46:53] [Render thread/WARN] [JMLogger] Image is null: alexsmobs:textures/entity_icon/terrapin/terrapin_brown.png
[12:49:26] [Render thread/INFO] [DeathPointHandler] greyshot died at BlockPos{x=-25, y=99, z=26}. Deathpoints enabled: true. Deathpoint created: true
[12:49:26] [Render thread/WARN] [StatTimer] MiniMap1.Circle is not running.
[12:49:26] [Render thread/WARN] [StatTimer] MiniMap1.Circle is not running.
[12:49:26] [Render thread/WARN] [StatTimer] MiniMap1.Circle is not running.
[12:49:26] [Render thread/WARN] [StatTimer] MiniMap1.Circle is not running.
[12:49:26] [Render thread/WARN] [StatTimer] MiniMap1.Circle is not running.
[12:49:26] [Render thread/WARN] [StatTimer] MiniMap1.Circle is not running.
[12:49:27] [Render thread/WARN] [StatTimer] MiniMap1.Circle is not running.
[12:49:27] [Render thread/WARN] [StatTimer] MiniMap1.Circle is not running.
[12:49:27] [Render thread/WARN] [StatTimer] MiniMap1.Circle is not running.
[12:49:27] [Render thread/WARN] [StatTimer] MiniMap1.Circle is not running.
[12:49:27] [Render thread/WARN] [StatTimer] MiniMap1.Circle is not running.
[12:49:27] [Render thread/WARN] [StatTimer] MiniMap1.Circle is not running.
[12:49:27] [Render thread/WARN] [StatTimer] MiniMap1.Circle is not running.
[12:49:27] [Render thread/WARN] [StatTimer] MiniMap1.Circle is not running.
[12:49:27] [Render thread/WARN] [StatTimer] MiniMap1.Circle is not running.
[12:49:27] [Render thread/WARN] [StatTimer] MiniMap1.Circle is not running.
[12:49:27] [Render thread/WARN] [StatTimer] MiniMap1.Circle is not running.
[12:49:27] [Render thread/WARN] [StatTimer] MiniMap1.Circle is not running.
[12:49:27] [Render thread/WARN] [StatTimer] MiniMap1.Circle is not running.
[12:49:27] [Render thread/WARN] [StatTimer] MiniMap1.Circle is not running.
[12:49:27] [Render thread/WARN] [StatTimer] MiniMap1.Circle is not running.
[12:49:27] [Render thread/WARN] [StatTimer] MiniMap1.Circle is not running.
[12:49:27] [Render thread/WARN] [StatTimer] MiniMap1.Circle is not running.
[12:49:27] [Render thread/WARN] [StatTimer] MiniMap1.Circle is not running.
[12:49:27] [Render thread/WARN] [StatTimer] MiniMap1.Circle is not running.
[12:49:27] [Render thread/WARN] [StatTimer] MiniMap1.Circle is not running.
[12:49:27] [Render thread/WARN] [StatTimer] MiniMap1.Circle is not running.
[12:49:27] [Render thread/WARN] [StatTimer] MiniMap1.Circle is not running.
[12:49:27] [Render thread/WARN] [StatTimer] MiniMap1.Circle is not running.
[12:49:27] [Render thread/WARN] [StatTimer] MiniMap1.Circle is not running.
[12:49:27] [Render thread/WARN] [StatTimer] MiniMap1.Circle is not running.
[12:49:27] [Render thread/WARN] [StatTimer] MiniMap1.Circle is not running.
[12:49:27] [Render thread/WARN] [StatTimer] MiniMap1.Circle is not running.
[12:49:27] [Render thread/WARN] [StatTimer] MiniMap1.Circle is not running.
[12:49:27] [Render thread/WARN] [StatTimer] MiniMap1.Circle is not running.
[12:49:27] [Render thread/WARN] [StatTimer] MiniMap1.Circle is not running.
[12:49:27] [Render thread/WARN] [StatTimer] MiniMap1.Circle is not running.
[12:49:27] [Render thread/WARN] [StatTimer] MiniMap1.Circle is not running.
[12:49:27] [Render thread/WARN] [StatTimer] MiniMap1.Circle is not running.
[12:49:27] [Render thread/WARN] [StatTimer] MiniMap1.Circle is not running.
[12:49:27] [Render thread/WARN] [StatTimer] MiniMap1.Circle is not running.
[12:49:27] [Render thread/WARN] [StatTimer] MiniMap1.Circle is not running.
[12:49:27] [Render thread/WARN] [StatTimer] MiniMap1.Circle is not running.
[12:49:27] [Render thread/WARN] [StatTimer] MiniMap1.Circle is not running.
[12:49:27] [Render thread/WARN] [StatTimer] MiniMap1.Circle is not running.
[12:49:27] [Render thread/WARN] [StatTimer] MiniMap1.Circle is not running.
[12:49:27] [Render thread/WARN] [StatTimer] MiniMap1.Circle is not running.
[12:49:27] [Render thread/WARN] [StatTimer] MiniMap1.Circle is not running.
[12:49:27] [Render thread/WARN] [StatTimer] MiniMap1.Circle is not running.
[12:49:27] [Render thread/WARN] [StatTimer] MiniMap1.Circle is not running.
[12:49:27] [Render thread/WARN] [StatTimer] MiniMap1.Circle is not running.
[12:49:27] [Render thread/WARN] [StatTimer] MiniMap1.Circle is not running.
[12:49:27] [Render thread/WARN] [StatTimer] MiniMap1.Circle is not running.
[12:49:27] [Render thread/WARN] [StatTimer] MiniMap1.Circle is not running.
[12:49:27] [Render thread/WARN] [StatTimer] MiniMap1.Circle is not running.
[12:49:27] [Render thread/WARN] [StatTimer] MiniMap1.Circle is not running.
[12:49:27] [Render thread/WARN] [StatTimer] MiniMap1.Circle is not running.
[12:49:27] [Render thread/WARN] [StatTimer] MiniMap1.Circle is not running.
[12:49:27] [Render thread/WARN] [StatTimer] MiniMap1.Circle is not running.
[12:49:27] [Render thread/WARN] [StatTimer] MiniMap1.Circle is not running.
[12:49:27] [Render thread/WARN] [StatTimer] MiniMap1.Circle is not running.
[12:49:27] [Render thread/WARN] [StatTimer] MiniMap1.Circle is not running.
[12:49:27] [Render thread/WARN] [StatTimer] MiniMap1.Circle is not running.
[12:49:27] [Render thread/WARN] [StatTimer] MiniMap1.Circle is not running.
[12:49:27] [Render thread/WARN] [StatTimer] MiniMap1.Circle is not running.
[12:49:27] [Render thread/WARN] [StatTimer] MiniMap1.Circle is not running.
[12:49:27] [Render thread/WARN] [StatTimer] MiniMap1.Circle is not running.
[12:49:27] [Render thread/WARN] [StatTimer] MiniMap1.Circle is not running.
[12:49:27] [Render thread/WARN] [StatTimer] MiniMap1.Circle is not running.
[12:49:27] [Render thread/WARN] [StatTimer] MiniMap1.Circle is not running.
[12:49:27] [Render thread/WARN] [StatTimer] MiniMap1.Circle is not running.
[12:49:27] [Render thread/WARN] [StatTimer] MiniMap1.Circle is not running.
[12:49:27] [Render thread/WARN] [StatTimer] MiniMap1.Circle is not running.
[12:49:27] [Render thread/WARN] [StatTimer] MiniMap1.Circle is not running.
[12:49:27] [Render thread/WARN] [StatTimer] MiniMap1.Circle is not running.
[12:49:27] [Render thread/WARN] [StatTimer] MiniMap1.Circle is not running.
[12:49:27] [Render thread/WARN] [StatTimer] MiniMap1.Circle is not running.
[12:49:27] [Render thread/WARN] [StatTimer] MiniMap1.Circle is not running.
[12:49:27] [Render thread/WARN] [StatTimer] MiniMap1.Circle is not running.
[12:49:27] [Render thread/WARN] [StatTimer] MiniMap1.Circle is not running.
[12:49:27] [Render thread/WARN] [StatTimer] MiniMap1.Circle is not running.
[12:49:27] [Render thread/WARN] [StatTimer] MiniMap1.Circle is not running.
[12:49:27] [Render thread/WARN] [StatTimer] MiniMap1.Circle is not running.
[12:49:27] [Render thread/WARN] [StatTimer] MiniMap1.Circle is not running.
[12:49:27] [Render thread/WARN] [StatTimer] MiniMap1.Circle is not running.
[12:49:27] [Render thread/WARN] [StatTimer] MiniMap1.Circle is not running.
[12:49:27] [Render thread/WARN] [StatTimer] MiniMap1.Circle is not running.
[12:49:27] [Render thread/WARN] [StatTimer] MiniMap1.Circle is not running.
[12:49:27] [Render thread/WARN] [StatTimer] MiniMap1.Circle is not running.
[12:49:27] [Render thread/WARN] [StatTimer] MiniMap1.Circle is not running.
[12:49:27] [Render thread/WARN] [StatTimer] MiniMap1.Circle is not running.
[12:49:27] [Render thread/WARN] [StatTimer] MiniMap1.Circle is not running.
[12:49:28] [Render thread/WARN] [StatTimer] MiniMap1.Circle is not running.
[12:49:28] [Render thread/WARN] [StatTimer] MiniMap1.Circle is not running.
[12:49:28] [Render thread/WARN] [StatTimer] MiniMap1.Circle is not running.
[12:49:28] [Render thread/WARN] [StatTimer] MiniMap1.Circle is not running.
[12:49:28] [Render thread/WARN] [StatTimer] MiniMap1.Circle is not running.
[12:49:28] [Render thread/WARN] [StatTimer] MiniMap1.Circle is not running.
[12:49:28] [Render thread/WARN] [StatTimer] MiniMap1.Circle is not running.
[12:49:28] [Render thread/WARN] [StatTimer] MiniMap1.Circle is not running.
[12:49:28] [Render thread/WARN] [StatTimer] MiniMap1.Circle is not running.
[12:49:28] [Render thread/WARN] [StatTimer] MiniMap1.Circle is not running.
[12:49:28] [Render thread/WARN] [StatTimer] MiniMap1.Circle is not running.
[12:49:28] [Render thread/WARN] [StatTimer] MiniMap1.Circle is not running.
[12:49:28] [Render thread/WARN] [StatTimer] MiniMap1.Circle is not running.
[12:49:28] [Render thread/WARN] [StatTimer] MiniMap1.Circle is not running.
[12:49:28] [Render thread/WARN] [StatTimer] MiniMap1.Circle is not running.
[12:49:28] [Render thread/WARN] [StatTimer] MiniMap1.Circle is not running.
[12:49:28] [Render thread/WARN] [StatTimer] MiniMap1.Circle is not running.
[12:49:28] [Render thread/WARN] [StatTimer] MiniMap1.Circle is not running.
[12:49:28] [Render thread/WARN] [StatTimer] MiniMap1.Circle is not running.
[12:49:28] [Render thread/WARN] [StatTimer] MiniMap1.Circle is not running.
[12:49:28] [Render thread/WARN] [StatTimer] MiniMap1.Circle is not running.
[12:49:28] [Render thread/WARN] [StatTimer] MiniMap1.Circle is not running.
[12:49:28] [Render thread/WARN] [StatTimer] MiniMap1.Circle is not running.
[12:49:28] [Render thread/WARN] [StatTimer] MiniMap1.Circle is not running.
[12:49:28] [Render thread/WARN] [StatTimer] MiniMap1.Circle is not running.
[12:49:28] [Render thread/WARN] [StatTimer] MiniMap1.Circle is not running.
[12:49:28] [Render thread/WARN] [StatTimer] MiniMap1.Circle is not running.
[12:49:28] [Render thread/WARN] [StatTimer] MiniMap1.Circle is not running.
[12:49:28] [Render thread/WARN] [StatTimer] MiniMap1.Circle is not running.
[12:49:28] [Render thread/WARN] [StatTimer] MiniMap1.Circle is not running.
[12:49:28] [Render thread/WARN] [StatTimer] MiniMap1.Circle is not running.
[12:49:28] [Render thread/WARN] [StatTimer] MiniMap1.Circle is not running.
[12:49:28] [Render thread/WARN] [StatTimer] MiniMap1.Circle is not running.
[12:49:28] [Render thread/WARN] [StatTimer] MiniMap1.Circle is not running.
[12:49:28] [Render thread/WARN] [StatTimer] MiniMap1.Circle is not running.
[12:49:28] [Render thread/WARN] [StatTimer] MiniMap1.Circle is not running.
[12:49:28] [Render thread/WARN] [StatTimer] MiniMap1.Circle is not running.
[12:49:28] [Render thread/WARN] [StatTimer] MiniMap1.Circle is not running.
[12:49:28] [Render thread/WARN] [StatTimer] MiniMap1.Circle is not running.
[12:49:28] [Render thread/WARN] [StatTimer] MiniMap1.Circle is not running.
[12:49:28] [Render thread/WARN] [StatTimer] MiniMap1.Circle is not running.
[12:49:28] [Render thread/WARN] [StatTimer] MiniMap1.Circle is not running.
[12:49:28] [Render thread/WARN] [StatTimer] MiniMap1.Circle is not running.
[12:49:28] [Render thread/WARN] [StatTimer] MiniMap1.Circle is not running.
[12:49:28] [Render thread/WARN] [StatTimer] MiniMap1.Circle is not running.
[12:49:28] [Render thread/INFO] [InternalStateHandler] Connection initiated with Journeymap Server: true
[12:49:28] [Render thread/INFO] [InternalStateHandler] Teleport Enabled: false
[12:49:28] [Render thread/INFO] [InternalStateHandler] Expanded Radar Enabled: true
[12:49:28] [Render thread/INFO] [InternalStateHandler] Server Admin Enabled: false
[12:49:28] [Render thread/INFO] [InternalStateHandler] Server set show in-game beacons: true
[12:49:28] [Render thread/INFO] [InternalStateHandler] Server set waypoints allowed: true
[12:49:28] [Render thread/INFO] [InternalStateHandler] Server set Server Admin read only mode: true
[12:49:28] [Render thread/INFO] [InternalStateHandler] Server set maxSurfaceRenderDistance to: 0
[12:49:28] [Render thread/INFO] [InternalStateHandler] Server setmaxCaveRenderDistance to: 0
[12:49:28] [Render thread/INFO] [InternalStateHandler] Server set allow mutliplayer options: true
[12:49:28] [Render thread/INFO] [InternalStateHandler] Server set allow rightClickTeleport options: true
[12:49:28] [Render thread/INFO] [InternalStateHandler] Server set allow radarLateralDistance options: 512
[12:49:28] [Render thread/INFO] [InternalStateHandler] Server set allow radarVerticalDistance options: 320
[12:49:28] [Render thread/INFO] [InternalStateHandler] Server set allow maxAnimalsData options: 128
[12:49:28] [Render thread/INFO] [InternalStateHandler] Server set allow maxAmbientCreaturesData options: 128
[12:49:28] [Render thread/INFO] [InternalStateHandler] Server set allow maxMobsData options: 128
[12:49:28] [Render thread/INFO] [InternalStateHandler] Server set allow maxPlayersData options: 128
[12:49:28] [Render thread/INFO] [InternalStateHandler] Server set allow maxVillagersData options: 128
[12:49:28] [Render thread/INFO] [InternalStateHandler] Server set allow playerRadarNamesEnabled options: true
[12:49:28] [Render thread/INFO] [InternalStateHandler] Server set allow minimapEnabled options: true
[12:49:28] [Render thread/INFO] [InternalStateHandler] Server set allow hideCoordinates options: false
[12:49:39] [Render thread/WARN] [JMLogger] Image is null: alexsmobs:textures/entity_icon/catfish_medium.png
[12:51:27] [Render thread/WARN] [JMLogger] Image is null: alexsmobs:textures/entity_icon/terrapin/terrapin_red_eared.png
[12:51:30] [Render thread/WARN] [JMLogger] Image is null: alexsmobs:textures/entity_icon/terrapin/overlay/terrapin_with_overlays.png
[12:51:30] [Render thread/WARN] [JMLogger] Image is null: alexsmobs:textures/entity_icon/terrapin/terrapin_black.png
[12:51:31] [Render thread/WARN] [JMLogger] Image is null: alexsmobs:textures/entity_icon/terrapin/terrapin_brown.png
[12:51:31] [Render thread/WARN] [JMLogger] Image is null: alexsmobs:textures/entity_icon/terrapin/terrapin_painted.png
[12:51:31] [Render thread/WARN] [JMLogger] Image is null: alexsmobs:textures/entity_icon/catfish_medium.png
[12:51:31] [Render thread/WARN] [JMLogger] Image is null: alexsmobs:textures/entity_icon/terrapin/overlay/terrapin_with_overlays.png
[12:51:34] [Render thread/WARN] [JMLogger] Image is null: alexsmobs:textures/entity_icon/fly.png
[12:51:34] [Render thread/WARN] [JMLogger] Image is null: alexsmobs:textures/entity_icon/catfish_small.png
[12:51:52] [Render thread/WARN] [JMLogger] Image is null: alexsmobs:textures/entity_icon/blue_jay.png
[12:51:52] [Render thread/WARN] [JMLogger] Image is null: alexsmobs:textures/entity_icon/raccoon.png
[12:52:05] [Render thread/WARN] [JMLogger] Image is null: alexsmobs:textures/entity_icon/terrapin/terrapin_green.png
[12:52:26] [Render thread/WARN] [JMLogger] Image is null: alexsmobs:textures/entity_icon/crow.png
[12:53:50] [Render thread/WARN] [JMLogger] Image is null: alexsmobs:textures/entity_icon/crow.png
[12:53:50] [Render thread/WARN] [JMLogger] Image is null: alexsmobs:textures/entity_icon/fly.png
[12:54:54] [Render thread/INFO] [ExternalWaypointFinder] Listing directories in xaero/minimap/ for world: Новый мир (4) 
[12:54:54] [Render thread/INFO] [ExternalWaypointFinder] C:\Users\serge\AppData\Roaming\.minecraft\versions\Neocreate\xaero\minimap\Новый мир (4)\dim%0
[12:54:54] [Render thread/INFO] [ExternalWaypointFinder] Listing files in xaero/minimap/ for world: Новый мир (4) 
[12:54:54] [Render thread/INFO] [ExternalWaypointFinder] C:\Users\serge\AppData\Roaming\.minecraft\versions\Neocreate\xaero\minimap\Новый мир (4)\dim%0\waypoints.txt
[12:55:57] [Render thread/WARN] [JMLogger] Image is null: alexsmobs:textures/entity_icon/cockroach.png
[12:56:43] [Render thread/WARN] [JMLogger] Image is null: alexsmobs:textures/entity_icon/terrapin/terrapin_green.png
[12:56:46] [Render thread/WARN] [JMLogger] Image is null: alexsmobs:textures/entity_icon/terrapin/terrapin_black.png
[12:57:09] [Render thread/INFO] [TextureCache] [JourneyMap]: Purging Theme Images
[12:57:09] [Render thread/INFO] [TextureCache] [JourneyMap]: Purging Region Images
[12:57:09] [Render thread/INFO] [TextureCache] [JourneyMap]: Purging Mob Icon Images
[12:57:09] [Render thread/INFO] [WaypointHandler] Resetting Waypoints and Groups.
[12:57:09] [Render thread/INFO] [WaypointStore] Loaded 0 waypoints from disk.
[12:57:09] [Render thread/INFO] [WaypointGroupStore] Loaded 4 waypoint groups from disk.
[12:57:09] [Render thread/INFO] [JourneymapClient] Mapping halted in C:\Users\serge\AppData\Roaming\.minecraft\versions\Neocreate\journeymap\data\mp\offline\minecraft:overworld
[12:57:09] [Render thread/INFO] [JourneymapClient] Mapping halted in C:\Users\serge\AppData\Roaming\.minecraft\versions\Neocreate\journeymap\data\mp\offline\minecraft:overworld
[12:57:13] [Render thread/INFO] [TextureCache] [JourneyMap]: Purging Theme Images
[12:57:13] [Render thread/INFO] [TextureCache] [JourneyMap]: Purging Region Images
[12:57:13] [Render thread/INFO] [TextureCache] [JourneyMap]: Purging Mob Icon Images
[12:57:13] [Render thread/INFO] [WaypointHandler] Resetting Waypoints and Groups.
[12:57:13] [Render thread/INFO] [WaypointStore] Loaded 0 waypoints from disk.
[12:57:13] [Render thread/INFO] [WaypointGroupStore] Loaded 4 waypoint groups from disk.
[12:57:13] [Render thread/INFO] [JourneymapClient] World UID is set to: null
